<?xml version="1.0" encoding="UTF-8"?>
<!-- Generated by org.testng.reporters.JUnitReportReporter -->
<testsuite skipped="0" hostname="DESKTOP-7367SQR" name="com.commomIQ.ResizeExample" tests="1" failures="0" timestamp="14 Jun 2018 23:02:07 GMT" time="39.114" errors="0">
  <testcase name="testToResizeElement" time="39.114" classname="com.commomIQ.ResizeExample"/>
</testsuite> <!-- com.commomIQ.ResizeExample -->
